
                         MODELLER 9.21, 2018/12/06, r11301

     PROTEIN STRUCTURE MODELLING BY SATISFACTION OF SPATIAL RESTRAINTS


                     Copyright(c) 1989-2018 Andrej Sali
                            All Rights Reserved

                             Written by A. Sali
                               with help from
              B. Webb, M.S. Madhusudhan, M-Y. Shen, G.Q. Dong,
          M.A. Marti-Renom, N. Eswar, F. Alber, M. Topf, B. Oliva,
             A. Fiser, R. Sanchez, B. Yerkovich, A. Badretdinov,
                     F. Melo, J.P. Overington, E. Feyfant
                 University of California, San Francisco, USA
                    Rockefeller University, New York, USA
                      Harvard University, Cambridge, USA
                   Imperial Cancer Research Fund, London, UK
              Birkbeck College, University of London, London, UK


Kind, OS, HostName, Kernel, Processor: 4, Linux vinibfranc-Aspire-F5 4.15.0-46-generic x86_64
Date and time of compilation         : 2018/12/06 10:21:47
MODELLER executable type             : x86_64-intel8
Job starting time (YY/MM/DD HH:MM:SS): 2019/04/10 00:59:14

openf___224_> Open           $(LIB)/restyp.lib
openf___224_> Open           ${MODINSTALL9v21}/modlib/resgrp.lib
rdresgr_266_> Number of residue groups:        2
openf___224_> Open           ${MODINSTALL9v21}/modlib/sstruc.lib

Dynamically allocated memory at   amaxlibraries [B,KiB,MiB]:       191566     187.076     0.183

Dynamically allocated memory at   amaxlibraries [B,KiB,MiB]:       192094     187.592     0.183
openf___224_> Open           ${MODINSTALL9v21}/modlib/resdih.lib

Dynamically allocated memory at   amaxlibraries [B,KiB,MiB]:       240694     235.053     0.230
rdrdih__263_> Number of dihedral angle types         :        9
              Maximal number of dihedral angle optima:        3
              Dihedral angle names                   :  Alph Phi Psi Omeg chi1 chi2 chi3 chi4 chi5
openf___224_> Open           ${MODINSTALL9v21}/modlib/radii.lib

Dynamically allocated memory at   amaxlibraries [B,KiB,MiB]:       253994     248.041     0.242
openf___224_> Open           ${MODINSTALL9v21}/modlib/radii14.lib
openf___224_> Open           ${MODINSTALL9v21}/modlib/af_mnchdef.lib
rdwilmo_274_> Mainchain residue conformation classes:  APBLE
openf___224_> Open           ${MODINSTALL9v21}/modlib/mnch.lib
rdclass_257_> Number of classes:        5
openf___224_> Open           ${MODINSTALL9v21}/modlib/mnch1.lib
openf___224_> Open           ${MODINSTALL9v21}/modlib/mnch2.lib
openf___224_> Open           ${MODINSTALL9v21}/modlib/mnch3.lib
openf___224_> Open           ${MODINSTALL9v21}/modlib/xs4.mat
rdrrwgh_268_> Number of residue types:       21
openf___224_> Open           new_alinha.pir

Dynamically allocated memory at   amaxalignment [B,KiB,MiB]:       265487     259.265     0.253

Dynamically allocated memory at   amaxalignment [B,KiB,MiB]:       266937     260.681     0.255

Dynamically allocated memory at   amaxalignment [B,KiB,MiB]:       269837     263.513     0.257

Dynamically allocated memory at   amaxalignment [B,KiB,MiB]:       275637     269.177     0.263

Dynamically allocated memory at   amaxalignment [B,KiB,MiB]:       392693     383.489     0.375

Dynamically allocated memory at    amaxsequence [B,KiB,MiB]:       393953     384.720     0.376

Dynamically allocated memory at    amaxsequence [B,KiB,MiB]:       395445     386.177     0.377

Read the alignment from file       : new_alinha.pir
Total number of alignment positions:   377

  #  Code        #_Res #_Segm PDB_code    Name
-------------------------------------------------------------------------------
  1       3UR8     316      1        3UR8
  2  beta_glic     374      1 beta_glicos
check_a_343_> >> BEGINNING OF COMMAND
openf___224_> Open           /home/vinibfranc/Documentos/Scripting/BioinfoPythonUdemy/pipelines/lista3/3UR8.pdb

Dynamically allocated memory at amaxcoordinates [B,KiB,MiB]:       491970     480.439     0.469

Dynamically allocated memory at    amaxsequence [B,KiB,MiB]:       491970     480.439     0.469

Dynamically allocated memory at amaxcoordinates [B,KiB,MiB]:       492141     480.606     0.469

Dynamically allocated memory at amaxcoordinates [B,KiB,MiB]:       492991     481.437     0.470

Dynamically allocated memory at amaxcoordinates [B,KiB,MiB]:       494249     482.665     0.471

Dynamically allocated memory at amaxcoordinates [B,KiB,MiB]:       496153     484.524     0.473

Dynamically allocated memory at    amaxsequence [B,KiB,MiB]:       496153     484.524     0.473

Dynamically allocated memory at amaxcoordinates [B,KiB,MiB]:       496243     484.612     0.473

Dynamically allocated memory at amaxcoordinates [B,KiB,MiB]:       499099     487.401     0.476

Dynamically allocated memory at    amaxsequence [B,KiB,MiB]:       499099     487.401     0.476

Dynamically allocated memory at amaxcoordinates [B,KiB,MiB]:       499234     487.533     0.476

Dynamically allocated memory at amaxcoordinates [B,KiB,MiB]:       503518     491.717     0.480

Dynamically allocated memory at    amaxsequence [B,KiB,MiB]:       503518     491.717     0.480

Dynamically allocated memory at amaxcoordinates [B,KiB,MiB]:       503716     491.910     0.480

Dynamically allocated memory at amaxcoordinates [B,KiB,MiB]:       510142     498.186     0.487

Dynamically allocated memory at    amaxsequence [B,KiB,MiB]:       510142     498.186     0.487

Dynamically allocated memory at amaxcoordinates [B,KiB,MiB]:       510439     498.476     0.487

Dynamically allocated memory at amaxcoordinates [B,KiB,MiB]:       520061     507.872     0.496

Dynamically allocated memory at    amaxsequence [B,KiB,MiB]:       520061     507.872     0.496

Dynamically allocated memory at amaxcoordinates [B,KiB,MiB]:       520511     508.312     0.496

Dynamically allocated memory at amaxcoordinates [B,KiB,MiB]:       534961     522.423     0.510

Dynamically allocated memory at    amaxsequence [B,KiB,MiB]:       534961     522.423     0.510

Dynamically allocated memory at amaxcoordinates [B,KiB,MiB]:       535636     523.082     0.511

Dynamically allocated memory at amaxcoordinates [B,KiB,MiB]:       557294     544.232     0.531

Dynamically allocated memory at    amaxsequence [B,KiB,MiB]:       557294     544.232     0.531

Dynamically allocated memory at amaxcoordinates [B,KiB,MiB]:       558302     545.217     0.532

Dynamically allocated memory at amaxcoordinates [B,KiB,MiB]:       590806     576.959     0.563

Dynamically allocated memory at   amaxstructure [B,KiB,MiB]:       590617     576.774     0.563

check_ali___> Checking the sequence-structure alignment. 

Implied intrachain target CA(i)-CA(i+1) distances longer than  8.0 angstroms:

ALN_POS  TMPL  RID1  RID2  NAM1  NAM2     DIST
----------------------------------------------
    244     1  222   228      Q     R   12.767
    305     1  288   291      G     G    8.323
END OF TABLE
check_a_344_> << END OF COMMAND
openf___224_> Open           ${LIB}/top_heav.lib
read_to_681_> topology.submodel read from topology file:        3
openf___224_> Open           ${LIB}/par.lib

Dynamically allocated memory at  amaxparameters [B,KiB,MiB]:       729869     712.763     0.696

Dynamically allocated memory at  amaxparameters [B,KiB,MiB]:       731469     714.325     0.698

Dynamically allocated memory at  amaxparameters [B,KiB,MiB]:       735449     718.212     0.701

Dynamically allocated memory at  amaxparameters [B,KiB,MiB]:       737449     720.165     0.703

Dynamically allocated memory at  amaxparameters [B,KiB,MiB]:       740449     723.095     0.706

Dynamically allocated memory at  amaxparameters [B,KiB,MiB]:       744949     727.489     0.710

Dynamically allocated memory at  amaxparameters [B,KiB,MiB]:       750521     732.931     0.716

Dynamically allocated memory at  amaxparameters [B,KiB,MiB]:       753321     735.665     0.718

Dynamically allocated memory at  amaxparameters [B,KiB,MiB]:       757521     739.767     0.722

Dynamically allocated memory at  amaxparameters [B,KiB,MiB]:       763821     745.919     0.728

Dynamically allocated memory at  amaxparameters [B,KiB,MiB]:       766593     748.626     0.731

Dynamically allocated memory at  amaxparameters [B,KiB,MiB]:       767993     749.993     0.732
read_pa_232_> parameters    BONDS   ANGLS  DIHEDS IMPROPS    MODE
                              227     561     661     112       0

Dynamically allocated memory at       amaxmodel [B,KiB,MiB]:       826554     807.182     0.788

Dynamically allocated memory at       amaxmodel [B,KiB,MiB]:      1115164    1089.027     1.064

Dynamically allocated memory at       amaxmodel [B,KiB,MiB]:      1159860    1132.676     1.106

mkilst______> segment topology constructed from sequence and RTF:
              segments residues atoms bonds angles dihedrals impropers:
                     1      374  2926  3001      0         0      1293

Dynamically allocated memory at       amaxmodel [B,KiB,MiB]:      1286696    1256.539     1.227

patch_______> segment topology patched using RTF:     1  ;  MET  ;  NTER
              segments residues atoms bonds angles dihedrals impropers:
                     1      374  2926  3001   4084      4866      1293


Dynamically allocated memory at       amaxmodel [B,KiB,MiB]:      1419272    1386.008     1.354
patch_______> segment topology patched using RTF:   374  ;  MET  ;  CTER
              segments residues atoms bonds angles dihedrals impropers:
                     1      374  2927  3002   4086      4868      1294

genseg______> segment topology constructed from sequence and RTF:
              segments residues atoms bonds angles dihedrals impropers:
                     1      374  2927  3002   4086      4868      1294
transfe_506_> MODEL is an average of all templates.
transfe_511_> Number of templates for coordinate transfer:        1
              After transferring coordinates of the equivalent template atoms,
              there are defined, undefined atoms in MODEL:     2190      737
The following 2 residues contain 6-membered rings with poor geometries
after transfer from templates. Rebuilding rings from internal coordinates:
   <Residue 116 (type PHE)>
   <Residue 219 (type TYR)>
openf___224_> Open           beta_glicosidase.fasta.ini
wrpdb___568_> Residues, atoms, selected atoms:      374     2927     2927
make_re_417_> Restraint type to be calculated:  stereo

Dynamically allocated memory at  amaxrestraints [B,KiB,MiB]:      1526321    1490.548     1.456

Dynamically allocated memory at  amaxrestraints [B,KiB,MiB]:      1534513    1498.548     1.463

Dynamically allocated memory at  amaxrestraints [B,KiB,MiB]:      1550897    1514.548     1.479

Dynamically allocated memory at  amaxrestraints [B,KiB,MiB]:      1583665    1546.548     1.510

Dynamically allocated memory at  amaxrestraints [B,KiB,MiB]:      1616433    1578.548     1.542

Dynamically allocated memory at  amaxrestraints [B,KiB,MiB]:      1681969    1642.548     1.604

Dynamically allocated memory at  amaxrestraints [B,KiB,MiB]:      1714737    1674.548     1.635

Dynamically allocated memory at  amaxrestraints [B,KiB,MiB]:      1747505    1706.548     1.667

Dynamically allocated memory at  amaxrestraints [B,KiB,MiB]:      1813041    1770.548     1.729

Dynamically allocated memory at  amaxrestraints [B,KiB,MiB]:      1944113    1898.548     1.854

Dynamically allocated memory at  amaxrestraints [B,KiB,MiB]:      2009649    1962.548     1.917

Dynamically allocated memory at  amaxrestraints [B,KiB,MiB]:      2075185    2026.548     1.979

Dynamically allocated memory at  amaxrestraints [B,KiB,MiB]:      2206257    2154.548     2.104

Dynamically allocated memory at  amaxrestraints [B,KiB,MiB]:      2468401    2410.548     2.354

Dynamically allocated memory at  amaxrestraints [B,KiB,MiB]:      2599473    2538.548     2.479
r_stere_606_> Stereochemical restraints were constructed from RTF & PRMF.
              Added bond,angle,dihedral,improper restraints  :     3002    4086    4658    1273
              Total number of restraints before, now         :        0    13019
make_re_422_> Number of previous, current restraints         :        0    13019
make_re_423_> Number of previous, current selected restraints:        0    13019
make_re_417_> Restraint type to be calculated:  phi-psi_binormal

Dynamically allocated memory at   amaxstructure [B,KiB,MiB]:      2813992    2748.039     2.684
openf___224_> Open           ${MODINSTALL9v21}/modlib/mnch1.bin
openf___224_> Open           ${MODINSTALL9v21}/modlib/mnch1.mdt
getdata_643_> Protein accepted:  3UR8
getdata_289_> Proteins (all/accepted):        1        1
make_re_422_> Number of previous, current restraints         :    13019    13391
make_re_423_> Number of previous, current selected restraints:    13019    13391
make_re_417_> Restraint type to be calculated:  omega_dihedral

Dynamically allocated memory at   amaxstructure [B,KiB,MiB]:      2814008    2748.055     2.684
openf___224_> Open           ${MODINSTALL9v21}/modlib/omega.bin
openf___224_> Open           ${MODINSTALL9v21}/modlib/omega.mdt
getdata_643_> Protein accepted:  3UR8
getdata_289_> Proteins (all/accepted):        1        1
omgdel__425_> Unselected all O C +N +CA dihedrals:      394
              (This is to avoid clashes between STEREO
              and OMEGA_DIHEDRAL restraints)
make_re_422_> Number of previous, current restraints         :    13391    13764
make_re_423_> Number of previous, current selected restraints:    13391    13370
make_re_417_> Restraint type to be calculated:  chi1_dihedral

Dynamically allocated memory at   amaxstructure [B,KiB,MiB]:      2814008    2748.055     2.684
openf___224_> Open           ${MODINSTALL9v21}/modlib/chi1234.bin
openf___224_> Open           ${MODINSTALL9v21}/modlib/chi1.mdt
getdata_643_> Protein accepted:  3UR8
getdata_289_> Proteins (all/accepted):        1        1

Dynamically allocated memory at  amaxrestraints [B,KiB,MiB]:      2945080    2876.055     2.809
make_re_422_> Number of previous, current restraints         :    13764    14082
make_re_423_> Number of previous, current selected restraints:    13370    13688
make_re_417_> Restraint type to be calculated:  chi2_dihedral

Dynamically allocated memory at   amaxstructure [B,KiB,MiB]:      2945080    2876.055     2.809
openf___224_> Open           ${MODINSTALL9v21}/modlib/chi1234.bin
openf___224_> Open           ${MODINSTALL9v21}/modlib/chi2.mdt
getdata_643_> Protein accepted:  3UR8
getdata_289_> Proteins (all/accepted):        1        1
make_re_422_> Number of previous, current restraints         :    14082    14315
make_re_423_> Number of previous, current selected restraints:    13688    13921
make_re_417_> Restraint type to be calculated:  chi3_dihedral

Dynamically allocated memory at   amaxstructure [B,KiB,MiB]:      2945080    2876.055     2.809
openf___224_> Open           ${MODINSTALL9v21}/modlib/chi1234.bin
openf___224_> Open           ${MODINSTALL9v21}/modlib/chi3.mdt
getdata_643_> Protein accepted:  3UR8
getdata_289_> Proteins (all/accepted):        1        1
make_re_422_> Number of previous, current restraints         :    14315    14401
make_re_423_> Number of previous, current selected restraints:    13921    14007
make_re_417_> Restraint type to be calculated:  chi4_dihedral

Dynamically allocated memory at   amaxstructure [B,KiB,MiB]:      2945080    2876.055     2.809
openf___224_> Open           ${MODINSTALL9v21}/modlib/chi1234.bin
openf___224_> Open           ${MODINSTALL9v21}/modlib/chi4.mdt
mdtrsr__446W> A potential that relies on one protein is used, yet you have at
              least one known structure available. MDT, not library, potential is used.
getdata_643_> Protein accepted:  3UR8
getdata_289_> Proteins (all/accepted):        1        1
make_re_422_> Number of previous, current restraints         :    14401    14435
make_re_423_> Number of previous, current selected restraints:    14007    14041
make_re_417_> Restraint type to be calculated:  DISTANCE

Dynamically allocated memory at amaxhash_contac [B,KiB,MiB]:      3788020    3699.238     3.613

Dynamically allocated memory at  amaxrestraints [B,KiB,MiB]:      4050164    3955.238     3.863

Dynamically allocated memory at  amaxrestraints [B,KiB,MiB]:      4312308    4211.238     4.113

Dynamically allocated memory at  amaxrestraints [B,KiB,MiB]:      4836596    4723.238     4.613
make_re_422_> Number of previous, current restraints         :    14435    21251
make_re_423_> Number of previous, current selected restraints:    14041    20857
make_re_417_> Restraint type to be calculated:  DISTANCE

Dynamically allocated memory at  amaxrestraints [B,KiB,MiB]:      5098740    4979.238     4.863
make_re_422_> Number of previous, current restraints         :    21251    28015
make_re_423_> Number of previous, current selected restraints:    20857    27621
make_re_417_> Restraint type to be calculated:  DISTANCE
make_re_422_> Number of previous, current restraints         :    28015    31895
make_re_423_> Number of previous, current selected restraints:    27621    31501
make_re_417_> Restraint type to be calculated:  DISTANCE

Dynamically allocated memory at  amaxrestraints [B,KiB,MiB]:      5623028    5491.238     5.363
make_re_422_> Number of previous, current restraints         :    31895    34080
make_re_423_> Number of previous, current selected restraints:    31501    33686
0 atoms in HETATM/BLK residues constrained
to protein atoms within 2.30 angstroms
and protein CA atoms within 10.00 angstroms
make_re_417_> Restraint type to be calculated:  DISTANCE
make_re_422_> Number of previous, current restraints         :    34080    34080
make_re_423_> Number of previous, current selected restraints:    33686    33686
make_re_417_> Restraint type to be calculated:  DISTANCE
make_re_422_> Number of previous, current restraints         :    34080    34080
make_re_423_> Number of previous, current selected restraints:    33686    33686
make_re_417_> Restraint type to be calculated:  DISTANCE
make_re_422_> Number of previous, current restraints         :    34080    34080
make_re_423_> Number of previous, current selected restraints:    33686    33686
make_re_417_> Restraint type to be calculated:  DISTANCE
make_re_422_> Number of previous, current restraints         :    34080    34080
make_re_423_> Number of previous, current selected restraints:    33686    33686
0 atoms in residues without defined topology
constrained to be rigid bodies
make_re_417_> Restraint type to be calculated:  DISTANCE
make_re_422_> Number of previous, current restraints         :    34080    34080
make_re_423_> Number of previous, current selected restraints:    33686    33686
rmdupl__427_>     2258 redundant cosine dihedral restraints were unselected.
condens_443_> Restraints marked for deletion were removed.
              Total number of restraints before, now:    34080    31428
openf___224_> Open           beta_glicosidase.fasta.rsr
openf___224_> Open           beta_glicosidase.fasta.rsr

Dynamically allocated memory at  amaxrestraints [B,KiB,MiB]:      5605068    5473.699     5.345

Dynamically allocated memory at  amaxrestraints [B,KiB,MiB]:      6391500    6241.699     6.095
rdcsr2__307_> Number of restraints read    :    31428
              Number of excluded pairs read:        0
              Number of pseudo atoms read  :        0
rdcsrs__304_> Restraints in memory, selected restraints:    31428    31428
              Explicitly excluded atom pairs in memory :        0
              Pseudo atoms in memory                   :        0
openf___224_> Open           beta_glicosidase.fasta.ini

Dynamically allocated memory at       amaxmodel [B,KiB,MiB]:      6391524    6241.723     6.095
read_mo_297_> Segments, residues, atoms:        1      374     2927
read_mo_298_> Segment:        1     1   374     2927
randomi_498_> Atoms,selected atoms,random_seed,amplitude:     2927     2927        1        4.0000
randomi_496_> Amplitude is > 0; randomization is done.
pick_re_612_> Number of MODEL atoms, selected restraints;     2927    16745
pick_re_612_> Number of MODEL atoms, selected restraints;     2927    18605
pick_re_612_> Number of MODEL atoms, selected restraints;     2927    19652
pick_re_612_> Number of MODEL atoms, selected restraints;     2927    20944
pick_re_612_> Number of MODEL atoms, selected restraints;     2927    22567
pick_re_612_> Number of MODEL atoms, selected restraints;     2927    23536
pick_re_612_> Number of MODEL atoms, selected restraints;     2927    26492
pick_re_612_> Number of MODEL atoms, selected restraints;     2927    29303
pick_re_612_> Number of MODEL atoms, selected restraints;     2927    29846

Dynamically allocated memory at  amaxrestraints [B,KiB,MiB]:      6754352    6596.047     6.441
pick_re_612_> Number of MODEL atoms, selected restraints;     2927    30023
pick_re_612_> Number of MODEL atoms, selected restraints;     2927    31339
pick_re_612_> Number of MODEL atoms, selected restraints;     2927    31428
iupac_m_487_> NH1/2 swapped:      179.1255       66    66
iupac_m_483_> CD1/2 CE1/2 swapped:       90.5894       70    70
iupac_m_397W> Atoms were not swapped because of the uncertainty of how to handle the H atom.
iupac_m_487_> NH1/2 swapped:      179.4891       74    74
iupac_m_487_> NH1/2 swapped:      179.2237       81    81
iupac_m_487_> NH1/2 swapped:     -179.7013      114   114
iupac_m_487_> NH1/2 swapped:      179.4304      150   150
iupac_m_487_> NH1/2 swapped:      177.4061      157   157
iupac_m_485_> OD1/2 will be swapped:      159.1026      163   163
iupac_m_485_> OD1/2 will be swapped:     -131.7446      190   190
iupac_m_485_> OD1/2 will be swapped:     -155.0858      196   196
iupac_m_487_> NH1/2 swapped:     -178.8158      224   224
iupac_m_485_> OD1/2 will be swapped:      154.3360      242   242
iupac_m_487_> NH1/2 swapped:      179.8022      245   245
iupac_m_487_> NH1/2 swapped:     -178.1833      264   264
iupac_m_486_> OE1/2 will be swapped:      174.8881      276   276
iupac_m_487_> NH1/2 swapped:      178.1147      310   310
iupac_m_487_> NH1/2 swapped:      179.5015      313   313
iupac_m_486_> OE1/2 will be swapped:      108.1878      325   325
iupac_m_485_> OD1/2 will be swapped:      170.9507      373   373


>> ENERGY; Differences between the model's features and restraints:
Number of all residues in MODEL                   :      374
Number of all, selected real atoms                :     2927    2927
Number of all, selected pseudo atoms              :        0       0
Number of all static, selected restraints         :    31428   31428
COVALENT_CYS                                      :        F
NONBONDED_SEL_ATOMS                               :        1
Number of non-bonded pairs (excluding 1-2,1-3,1-4):     6044
Dynamic pairs routine                             : 2, NATM x NATM cell sorting
Atomic shift for contacts update (UPDATE_DYNAMIC) :    0.390
LENNARD_JONES_SWITCH                              :    6.500   7.500
COULOMB_JONES_SWITCH                              :    6.500   7.500
RESIDUE_SPAN_RANGE                                :        0   99999
NLOGN_USE                                         :       15
CONTACT_SHELL                                     :    4.000
DYNAMIC_PAIRS,_SPHERE,_COULOMB,_LENNARD,_MODELLER :        T       T       F       F       F
SPHERE_STDV                                       :    0.050
RADII_FACTOR                                      :    0.820
Current energy                                    :        2314.3528





Summary of the restraint violations: 

   NUM     ... number of restraints.
   NUMVI   ... number of restraints with RVIOL > VIOL_REPORT_CUT[i].
   RVIOL   ... relative difference from the best value.
   NUMVP   ... number of restraints with -Ln(pdf) > VIOL_REPORT_CUT2[i].
   RMS_1   ... RMS(feature, minimally_violated_basis_restraint, NUMB).
   RMS_2   ... RMS(feature, best_value, NUMB).
   MOL.PDF ... scaled contribution to -Ln(Molecular pdf).

 #                     RESTRAINT_GROUP      NUM   NUMVI  NUMVP   RMS_1   RMS_2         MOL.PDF     S_i
------------------------------------------------------------------------------------------------------
 1 Bond length potential              :    3002       0      1   0.006   0.006      33.759       1.000
 2 Bond angle potential               :    4086       3     17   2.245   2.245      396.07       1.000
 3 Stereochemical cosine torsion poten:    2006       0     83  49.158  49.158      731.62       1.000
 4 Stereochemical improper torsion pot:    1273       0      0   1.185   1.185      40.676       1.000
 5 Soft-sphere overlap restraints     :    6044       0      0   0.002   0.002      2.7659       1.000
 6 Lennard-Jones 6-12 potential       :       0       0      0   0.000   0.000      0.0000       1.000
 7 Coulomb point-point electrostatic p:       0       0      0   0.000   0.000      0.0000       1.000
 8 H-bonding potential                :       0       0      0   0.000   0.000      0.0000       1.000
 9 Distance restraints 1 (CA-CA)      :    6816       5     20   0.286   0.286      267.32       1.000
10 Distance restraints 2 (N-O)        :    6764       1     22   0.325   0.325      298.05       1.000
11 Mainchain Phi dihedral restraints  :       0       0      0   0.000   0.000      0.0000       1.000
12 Mainchain Psi dihedral restraints  :       0       0      0   0.000   0.000      0.0000       1.000
13 Mainchain Omega dihedral restraints:     373       1      1  10.103  10.103      71.633       1.000
14 Sidechain Chi_1 dihedral restraints:     318       0      2  64.773  64.773      40.407       1.000
15 Sidechain Chi_2 dihedral restraints:     233       0      2  64.705  64.705      78.575       1.000
16 Sidechain Chi_3 dihedral restraints:      86       0      0  74.864  74.864      52.542       1.000
17 Sidechain Chi_4 dihedral restraints:      34       0      0  99.660  99.660      25.716       1.000
18 Disulfide distance restraints      :       0       0      0   0.000   0.000      0.0000       1.000
19 Disulfide angle restraints         :       0       0      0   0.000   0.000      0.0000       1.000
20 Disulfide dihedral angle restraints:       0       0      0   0.000   0.000      0.0000       1.000
21 Lower bound distance restraints    :       0       0      0   0.000   0.000      0.0000       1.000
22 Upper bound distance restraints    :       0       0      0   0.000   0.000      0.0000       1.000
23 Distance restraints 3 (SDCH-MNCH)  :    3880       0      0   0.311   0.311      64.551       1.000
24 Sidechain Chi_5 dihedral restraints:       0       0      0   0.000   0.000      0.0000       1.000
25 Phi/Psi pair of dihedral restraints:     372      55     34  27.382  70.375      107.26       1.000
26 Distance restraints 4 (SDCH-SDCH)  :    2185       0      1   0.571   0.571      103.41       1.000
27 Distance restraints 5 (X-Y)        :       0       0      0   0.000   0.000      0.0000       1.000
28 NMR distance restraints 6 (X-Y)    :       0       0      0   0.000   0.000      0.0000       1.000
29 NMR distance restraints 7 (X-Y)    :       0       0      0   0.000   0.000      0.0000       1.000
30 Minimal distance restraints        :       0       0      0   0.000   0.000      0.0000       1.000
31 Non-bonded restraints              :       0       0      0   0.000   0.000      0.0000       1.000
32 Atomic accessibility restraints    :       0       0      0   0.000   0.000      0.0000       1.000
33 Atomic density restraints          :       0       0      0   0.000   0.000      0.0000       1.000
34 Absolute position restraints       :       0       0      0   0.000   0.000      0.0000       1.000
35 Dihedral angle difference restraint:       0       0      0   0.000   0.000      0.0000       1.000
36 GBSA implicit solvent potential    :       0       0      0   0.000   0.000      0.0000       1.000
37 EM density fitting potential       :       0       0      0   0.000   0.000      0.0000       1.000
38 SAXS restraints                    :       0       0      0   0.000   0.000      0.0000       1.000
39 Symmetry restraints                :       0       0      0   0.000   0.000      0.0000       1.000



openf___224_> Open           beta_glicosidase.fasta.V99990001
# Heavy relative violation of each residue is written to: beta_glicosidase.fasta.V99990001
# The profile is NOT normalized by the number of restraints.
# The profiles are smoothed over a window of residues:    1
# The sum of all numbers in the file:   39879.4727



List of the violated restraints:
   A restraint is violated when the relative difference
   from the best value (RVIOL) is larger than CUTOFF.

   ICSR   ... index of a restraint in the current set.
   RESNO  ... residue numbers of the first two atoms.
   ATM    ... IUPAC atom names of the first two atoms.
   FEAT   ... the value of the feature in the model.
   restr  ... the mean of the basis restraint with the smallest
              difference from the model (local minimum).
   viol   ... difference from the local minimum.
   rviol  ... relative difference from the local minimum.
   RESTR  ... the best value (global minimum).
   VIOL   ... difference from the best value.
   RVIOL  ... relative difference from the best value.


-------------------------------------------------------------------------------------------------

Feature  2                           : Bond angle potential                    
List of the RVIOL violations larger than   :       4.5000

    #   ICSR  RESNO1/2 ATM1/2   INDATM1/2    FEAT   restr    viol   rviol   RESTR    VIOL   RVIOL
    1   6271 305G 305G N   CA   2339 2340  129.00  107.00   22.00    6.33  107.00   22.00    6.33
    2   6448 320F 321A C   N    2465 2467  161.89  120.00   41.89    9.52  120.00   41.89    9.52
    3   6609 335H 335H N   CA   2584 2585  122.88  107.00   15.88    4.57  107.00   15.88    4.57

-------------------------------------------------------------------------------------------------

Feature  9                           : Distance restraints 1 (CA-CA)           
List of the RVIOL violations larger than   :       4.5000

    #   ICSR  RESNO1/2 ATM1/2   INDATM1/2    FEAT   restr    viol   rviol   RESTR    VIOL   RVIOL
    1  16998 244Q 291N CA  CA   1877 2225   17.80   13.83    3.98    7.45   13.83    3.98    7.45
    2  16999 244Q 294T CA  CA   1877 2248   17.03   12.64    4.39    7.49   12.64    4.39    7.49
    3  17000 244Q 295Y CA  CA   1877 2255   15.70   12.52    3.19    5.81   12.52    3.19    5.81
    4  17001 244Q 298N CA  CA   1877 2281   15.23   11.77    3.46    4.91   11.77    3.46    4.91

-------------------------------------------------------------------------------------------------

Feature 10                           : Distance restraints 2 (N-O)             
List of the RVIOL violations larger than   :       4.5000

    #   ICSR  RESNO1/2 ATM1/2   INDATM1/2    FEAT   restr    viol   rviol   RESTR    VIOL   RVIOL
    1  22919 244Q 294T N   O    1876 2253   14.65   10.50    4.14    6.90   10.50    4.14    6.90

-------------------------------------------------------------------------------------------------

Feature 13                           : Mainchain Omega dihedral restraints     
List of the RVIOL violations larger than   :       4.5000

    #   ICSR  RESNO1/2 ATM1/2   INDATM1/2    FEAT   restr    viol   rviol   RESTR    VIOL   RVIOL
    1  10856 117W 117W CA  C     879  890   -0.50 -179.18  178.68   41.53 -179.18  178.68   41.53

-------------------------------------------------------------------------------------------------

Feature 25                           : Phi/Psi pair of dihedral restraints     
List of the RVIOL violations larger than   :       6.5000

    #   ICSR  RESNO1/2 ATM1/2   INDATM1/2    FEAT   restr    viol   rviol   RESTR    VIOL   RVIOL
    1  10368   1M   2A C   N       7    9 -113.94 -134.00   22.25    0.51  -62.50 -174.48   28.36
    1          2A   2A N   CA      9   10  137.35  147.00                  -40.90
    2  10370   3I   4S C   N      20   22 -104.09  -72.40   31.90    2.38  -64.10 -179.22   15.81
    2          4S   4S N   CA     22   23  148.70  152.40                  -35.00
    3  10371   4S   5S C   N      26   28 -111.41 -136.60   25.64    0.90  -64.10 -175.27   16.63
    3          5S   5S N   CA     28   29  146.42  151.20                  -35.00
    4  10372   5S   6S C   N      32   34 -150.35 -136.60   17.79    0.55  -64.10 -176.01   19.53
    4          6S   6S N   CA     34   35  162.48  151.20                  -35.00
    5  10373   6S   7T C   N      38   40  -87.41  -78.10   13.81    0.49  -63.20  159.75   22.10
    5          7T   7T N   CA     40   41  160.00  149.80                  -42.10
    6  10374   7T   8S C   N      45   47 -164.23 -136.60   48.07    1.72  -64.10  167.65   19.37
    6          8S   8S N   CA     47   48 -169.46  151.20                  -35.00
    7  10375   8S   9G C   N      51   53   95.77   78.70   35.62    0.53   82.20  154.73    8.19
    7          9G   9G N   CA     53   54  162.64 -166.10                    8.50
    8  10376   9G  10T C   N      55   57 -126.44 -124.80    6.55    0.23  -63.20  179.56   27.21
    8         10T  10T N   CA     57   58  149.84  143.50                  -42.10
    9  10377  10T  11S C   N      62   64  -79.16  -72.40    7.10    0.56  -64.10  175.41   13.66
    9         11S  11S N   CA     64   65  150.24  152.40                  -35.00
   10  10378  11S  12S C   N      68   70 -148.85 -136.60   12.29    0.46  -64.10 -167.51   20.02
   10         12S  12S N   CA     70   71  152.17  151.20                  -35.00
   11  10379  12S  13S C   N      74   76 -141.38 -136.60    4.88    0.17  -64.10 -170.70   19.22
   11         13S  13S N   CA     76   77  152.19  151.20                  -35.00
   12  10380  13S  14F C   N      80   82 -114.11 -124.20   25.29    0.90  -63.20  172.12   20.80
   12         14F  14F N   CA     82   83  120.11  143.30                  -44.30
   13  10382  15P  16S C   N      98  100 -138.55 -136.60    8.08    0.44  -64.10 -166.72   12.01
   13         16S  16S N   CA    100  101  143.36  151.20                  -35.00
   14  10383  16S  17R C   N     104  106 -104.44 -125.20   72.20    2.98  -63.00  119.93   13.95
   14         17R  17R N   CA    106  107   71.45  140.60                  -41.10
   15  10384  17R  18T C   N     115  117 -153.36 -124.80   29.21    1.38  -63.20 -169.11   30.30
   15         18T  18T N   CA    117  118  149.64  143.50                  -42.10
   16  10385  18T  19T C   N     122  124 -120.82 -124.80   24.69    0.94  -63.20  171.22   18.79
   16         19T  19T N   CA    124  125  119.13  143.50                  -42.10
   17  10387  20V  21M C   N     136  138 -157.93 -125.60   34.73    1.09  -63.40 -168.70   35.89
   17         21M  21M N   CA    138  139  153.19  140.50                  -40.50
   18  10388  21M  22L C   N     144  146  -99.53 -108.50   40.84    2.10  -63.50  138.63   17.54
   18         22L  22L N   CA    146  147   92.66  132.50                  -41.20
   19  10389  22L  23L C   N     152  154 -121.85 -108.50   13.98    0.63  -63.50 -172.82   23.37
   19         23L  23L N   CA    154  155  136.65  132.50                  -41.20
   20  10390  23L  24L C   N     160  162 -103.33 -108.50    9.19    0.43  -63.50  170.82   21.77
   20         24L  24L N   CA    162  163  124.91  132.50                  -41.20
   21  10391  24L  25F C   N     168  170 -119.02 -124.20   28.21    1.19  -63.20  169.34   20.18
   21         25F  25F N   CA    170  171  115.57  143.30                  -44.30
   22  10392  25F  26F C   N     179  181 -141.35 -124.20   18.86    0.53  -63.20 -177.82   30.35
   22         26F  26F N   CA    181  182  151.14  143.30                  -44.30
   23  10393  26F  27F C   N     190  192 -126.61 -124.20    9.55    0.38  -63.20  175.05   28.48
   23         27F  27F N   CA    192  193  152.54  143.30                  -44.30
   24  10394  27F  28A C   N     201  203  -62.88  -68.20    8.17    0.51  -62.50  180.00   29.52
   24         28A  28A N   CA    203  204  139.10  145.30                  -40.90
   25  10395  28A  29A C   N     206  208 -134.08 -134.00    8.29    0.47  -62.50  178.78   33.13
   25         29A  29A N   CA    208  209  155.28  147.00                  -40.90
   26  10396  29A  30S C   N     211  213  -71.69  -72.40    4.97    0.32  -64.10  167.85   12.63
   26         30S  30S N   CA    213  214  157.32  152.40                  -35.00
   27  10398  31V  32G C   N     224  226   96.12   78.70   30.92    0.51   82.20  160.46    8.49
   27         32G  32G N   CA    226  227  168.36 -166.10                    8.50
   28  10400  33I  34T C   N     236  238  -69.50  -78.10   16.11    0.53  -63.20  178.39   22.47
   28         34T  34T N   CA    238  239  136.18  149.80                  -42.10
   29  10401  34T  35D C   N     243  245 -128.88  -96.50   32.51    1.33  -63.30  170.23   18.19
   29         35D  35D N   CA    245  246  117.09  114.20                  -40.00
   30  10402  35D  36A C   N     251  253  -62.15  -68.20   32.91    2.44  -62.50  153.85   25.23
   30         36A  36A N   CA    253  254  112.95  145.30                  -40.90
   31  10414  47N  48N C   N     334  336 -123.20 -119.90   75.17    3.49  -63.20  119.21   12.81
   31         48N  48N N   CA    336  337   61.91  137.00                  -41.10
   32  10500 133P 134V C   N    1013 1015  -79.94 -125.40   78.88    2.51  -62.40  122.50   14.56
   32        134V 134V N   CA   1015 1016   78.84  143.30                  -42.40
   33  10501 134V 135N C   N    1020 1022   50.90   55.90   13.44    1.31  -63.20  132.89   21.85
   33        135N 135N N   CA   1022 1023   27.02   39.50                  -41.10
   34  10502 135N 136R C   N    1028 1030  -67.38  -63.00   15.48    1.84 -125.20  176.59    7.09
   34        136R 136R N   CA   1030 1031  -26.25  -41.10                  140.60
   35  10503 136R 137G C   N    1039 1041   96.72   82.20   42.34    1.36  -62.40  159.43   28.86
   35        137G 137G N   CA   1041 1042  -31.27    8.50                  -41.20
   36  10601 234T 235S C   N    1808 1810  112.97 -136.60  111.46    4.04  -64.10 -122.26   20.17
   36        235S 235S N   CA   1810 1811  166.36  151.20                  -35.00
   37  10606 239V 240V C   N    1841 1843  -62.74  -62.40    9.07    1.17 -125.40  176.72    9.94
   37        240V 240V N   CA   1843 1844  -51.46  -42.40                  143.30
   38  10607 240V 241W C   N    1848 1850 -173.25 -124.90   65.65    2.09  -63.00  168.93   28.38
   38        241W 241W N   CA   1850 1851 -172.19  143.40                  -44.20
   39  10608 241W 242D C   N    1862 1864   51.02   54.50   10.14    0.52  -63.30  145.76   24.65
   39        242D 242D N   CA   1864 1865   50.42   40.90                  -40.00
   40  10609 242D 243G C   N    1870 1872   61.14   78.70   25.29    0.55   82.20  157.82    8.71
   40        243G 243G N   CA   1872 1873 -147.91 -166.10                    8.50
   41  10692 325E 326N C   N    2506 2508  -73.64 -119.90   74.54    2.26  -63.20  120.10   14.46
   41        326N 326N N   CA   2508 2509   78.55  137.00                  -41.10
   42  10719 352S 353A C   N    2746 2748 -151.08 -134.00   36.25    1.50  -62.50  165.78   31.87
   42        353A 353A N   CA   2748 2749  178.97  147.00                  -40.90
   43  10720 353A 354E C   N    2751 2753  -53.14  -69.30   16.93    1.44  -63.60  172.46   22.44
   43        354E 354E N   CA   2753 2754  147.56  142.50                  -40.30
   44  10721 354E 355K C   N    2760 2762  105.14 -118.00  150.53    4.99  -62.90 -155.00   26.67
   44        355K 355K N   CA   2762 2763 -158.23  139.10                  -40.80
   45  10723 356N 357W C   N    2777 2779  -48.84  -71.30   22.71    1.71  -63.00  174.02   20.95
   45        357W 357W N   CA   2779 2780  142.36  139.00                  -44.20
   46  10724 357W 358D C   N    2791 2793  -78.64  -96.50   25.47    1.07  -63.30  136.91   16.03
   46        358D 358D N   CA   2793 2794   96.05  114.20                  -40.00
   47  10730 363H 364N C   N    2839 2841  -58.60  -71.20   13.10    0.85  -63.20  179.76   22.23
   47        364N 364N N   CA   2841 2842  139.20  142.80                  -41.10
   48  10731 364N 365A C   N    2847 2849  -64.83  -68.20    3.93    0.26  -62.50  175.84   28.93
   48        365A 365A N   CA   2849 2850  143.27  145.30                  -40.90
   49  10732 365A 366T C   N    2852 2854  -87.52  -78.10   31.66    1.09  -63.20  140.01   19.58
   49        366T 366T N   CA   2854 2855 -179.98  149.80                  -42.10
   50  10734 367I 368L C   N    2867 2869 -128.03 -108.50   47.01    2.30  -63.50  157.38   25.85
   50        368L 368L N   CA   2869 2870  175.26  132.50                  -41.20
   51  10735 368L 369F C   N    2875 2877  -58.99  -71.40   19.78    1.19  -63.20  169.66   23.84
   51        369F 369F N   CA   2877 2878  125.30  140.70                  -44.30
   52  10736 369F 370L C   N    2886 2888  -82.41  -70.70   12.02    1.17  -63.50 -179.14   26.24
   52        370L 370L N   CA   2888 2889  138.93  141.60                  -41.20
   53  10737 370L 371K C   N    2894 2896 -135.93 -118.00   18.13    0.64  -62.90 -168.16   29.28
   53        371K 371K N   CA   2896 2897  141.81  139.10                  -40.80
   54  10738 371K 372S C   N    2903 2905  -69.05  -72.40    6.62    0.30  -64.10  178.38   13.22
   54        372S 372S N   CA   2905 2906  146.69  152.40                  -35.00
   55  10739 372S 373D C   N    2909 2911  -92.63  -96.50   23.02    0.97  -63.30  134.73   15.09
   55        373D 373D N   CA   2911 2912   91.51  114.20                  -40.00


report______> Distribution of short non-bonded contacts:


DISTANCE1:  0.00 2.10 2.20 2.30 2.40 2.50 2.60 2.70 2.80 2.90 3.00 3.10 3.20 3.30 3.40
DISTANCE2:  2.10 2.20 2.30 2.40 2.50 2.60 2.70 2.80 2.90 3.00 3.10 3.20 3.30 3.40 3.50
FREQUENCY:     0    0    0    0    0   15   19  136  197  295  257  294  423  434  486


<< end of ENERGY.
openf___224_> Open           beta_glicosidase.fasta.B99990001.pdb
wrpdb___568_> Residues, atoms, selected atoms:      374     2927     2927
openf___224_> Open           beta_glicosidase.fasta.ini

Dynamically allocated memory at       amaxmodel [B,KiB,MiB]:      6754376    6596.070     6.441
read_mo_297_> Segments, residues, atoms:        1      374     2927
read_mo_298_> Segment:        1     1   374     2927
randomi_498_> Atoms,selected atoms,random_seed,amplitude:     2927     2927        1        4.0000
randomi_496_> Amplitude is > 0; randomization is done.
pick_re_612_> Number of MODEL atoms, selected restraints;     2927    16745
pick_re_612_> Number of MODEL atoms, selected restraints;     2927    18605
pick_re_612_> Number of MODEL atoms, selected restraints;     2927    19652
pick_re_612_> Number of MODEL atoms, selected restraints;     2927    20944
pick_re_612_> Number of MODEL atoms, selected restraints;     2927    22567
pick_re_612_> Number of MODEL atoms, selected restraints;     2927    23536
pick_re_612_> Number of MODEL atoms, selected restraints;     2927    26492
pick_re_612_> Number of MODEL atoms, selected restraints;     2927    29303
pick_re_612_> Number of MODEL atoms, selected restraints;     2927    29846
pick_re_612_> Number of MODEL atoms, selected restraints;     2927    30023
pick_re_612_> Number of MODEL atoms, selected restraints;     2927    31339
pick_re_612_> Number of MODEL atoms, selected restraints;     2927    31428
iupac_m_487_> NH1/2 swapped:     -177.6330       17    17
iupac_m_485_> OD1/2 will be swapped:     -179.8520       35    35
iupac_m_486_> OE1/2 will be swapped:      174.9017       54    54
iupac_m_487_> NH1/2 swapped:     -167.3696       66    66
iupac_m_487_> NH1/2 swapped:      173.9194       68    68
iupac_m_487_> NH1/2 swapped:      174.9038       74    74
iupac_m_486_> OE1/2 will be swapped:     -154.5392       78    78
iupac_m_487_> NH1/2 swapped:     -170.7064       81    81
iupac_m_487_> NH1/2 swapped:     -176.9951      150   150
iupac_m_485_> OD1/2 will be swapped:      175.1442      154   154
iupac_m_485_> OD1/2 will be swapped:      167.8632      172   172
iupac_m_485_> OD1/2 will be swapped:      128.4897      190   190
iupac_m_487_> NH1/2 swapped:      171.6477      192   192
iupac_m_485_> OD1/2 will be swapped:      115.4112      196   196
iupac_m_483_> CD1/2 CE1/2 swapped:      100.1493      221   221
iupac_m_397W> Atoms were not swapped because of the uncertainty of how to handle the H atom.
iupac_m_487_> NH1/2 swapped:     -174.0610      224   224
iupac_m_487_> NH1/2 swapped:     -176.7083      245   245
iupac_m_483_> CD1/2 CE1/2 swapped:       95.7101      251   251
iupac_m_397W> Atoms were not swapped because of the uncertainty of how to handle the H atom.
iupac_m_487_> NH1/2 swapped:      176.5159      264   264
iupac_m_486_> OE1/2 will be swapped:      -98.6190      271   271
iupac_m_486_> OE1/2 will be swapped:      175.6756      276   276
iupac_m_483_> CD1/2 CE1/2 swapped:       92.8227      289   289
iupac_m_397W> Atoms were not swapped because of the uncertainty of how to handle the H atom.
iupac_m_486_> OE1/2 will be swapped:     -140.8046      316   316
iupac_m_485_> OD1/2 will be swapped:     -148.9612      324   324
iupac_m_486_> OE1/2 will be swapped:     -170.3539      333   333
iupac_m_483_> CD1/2 CE1/2 swapped:       95.9811      340   340
iupac_m_397W> Atoms were not swapped because of the uncertainty of how to handle the H atom.
iupac_m_483_> CD1/2 CE1/2 swapped:      -90.4798      351   351
iupac_m_397W> Atoms were not swapped because of the uncertainty of how to handle the H atom.
iupac_m_484W> Dihedral still outside +-90:       90.2038
iupac_m_486_> OE1/2 will be swapped:     -135.3285      354   354
iupac_m_485_> OD1/2 will be swapped:     -112.6279      358   358


>> ENERGY; Differences between the model's features and restraints:
Number of all residues in MODEL                   :      374
Number of all, selected real atoms                :     2927    2927
Number of all, selected pseudo atoms              :        0       0
Number of all static, selected restraints         :    31428   31428
COVALENT_CYS                                      :        F
NONBONDED_SEL_ATOMS                               :        1
Number of non-bonded pairs (excluding 1-2,1-3,1-4):     6062
Dynamic pairs routine                             : 2, NATM x NATM cell sorting
Atomic shift for contacts update (UPDATE_DYNAMIC) :    0.390
LENNARD_JONES_SWITCH                              :    6.500   7.500
COULOMB_JONES_SWITCH                              :    6.500   7.500
RESIDUE_SPAN_RANGE                                :        0   99999
NLOGN_USE                                         :       15
CONTACT_SHELL                                     :    4.000
DYNAMIC_PAIRS,_SPHERE,_COULOMB,_LENNARD,_MODELLER :        T       T       F       F       F
SPHERE_STDV                                       :    0.050
RADII_FACTOR                                      :    0.820
Current energy                                    :        2613.2432





Summary of the restraint violations: 

   NUM     ... number of restraints.
   NUMVI   ... number of restraints with RVIOL > VIOL_REPORT_CUT[i].
   RVIOL   ... relative difference from the best value.
   NUMVP   ... number of restraints with -Ln(pdf) > VIOL_REPORT_CUT2[i].
   RMS_1   ... RMS(feature, minimally_violated_basis_restraint, NUMB).
   RMS_2   ... RMS(feature, best_value, NUMB).
   MOL.PDF ... scaled contribution to -Ln(Molecular pdf).

 #                     RESTRAINT_GROUP      NUM   NUMVI  NUMVP   RMS_1   RMS_2         MOL.PDF     S_i
------------------------------------------------------------------------------------------------------
 1 Bond length potential              :    3002       0      0   0.006   0.006      34.859       1.000
 2 Bond angle potential               :    4086       1     13   2.329   2.329      419.05       1.000
 3 Stereochemical cosine torsion poten:    2006       0     85  49.049  49.049      734.38       1.000
 4 Stereochemical improper torsion pot:    1273       0      0   1.368   1.368      51.502       1.000
 5 Soft-sphere overlap restraints     :    6062       0      0   0.002   0.002      3.2668       1.000
 6 Lennard-Jones 6-12 potential       :       0       0      0   0.000   0.000      0.0000       1.000
 7 Coulomb point-point electrostatic p:       0       0      0   0.000   0.000      0.0000       1.000
 8 H-bonding potential                :       0       0      0   0.000   0.000      0.0000       1.000
 9 Distance restraints 1 (CA-CA)      :    6816       5     21   0.299   0.299      321.73       1.000
10 Distance restraints 2 (N-O)        :    6764       2     17   0.349   0.349      325.41       1.000
11 Mainchain Phi dihedral restraints  :       0       0      0   0.000   0.000      0.0000       1.000
12 Mainchain Psi dihedral restraints  :       0       0      0   0.000   0.000      0.0000       1.000
13 Mainchain Omega dihedral restraints:     373       0      2   4.226   4.226      77.505       1.000
14 Sidechain Chi_1 dihedral restraints:     318       0      5  63.940  63.940      70.756       1.000
15 Sidechain Chi_2 dihedral restraints:     233       0      3  65.286  65.286      82.717       1.000
16 Sidechain Chi_3 dihedral restraints:      86       0      0  67.253  67.253      56.176       1.000
17 Sidechain Chi_4 dihedral restraints:      34       0      1  99.636  99.636      27.531       1.000
18 Disulfide distance restraints      :       0       0      0   0.000   0.000      0.0000       1.000
19 Disulfide angle restraints         :       0       0      0   0.000   0.000      0.0000       1.000
20 Disulfide dihedral angle restraints:       0       0      0   0.000   0.000      0.0000       1.000
21 Lower bound distance restraints    :       0       0      0   0.000   0.000      0.0000       1.000
22 Upper bound distance restraints    :       0       0      0   0.000   0.000      0.0000       1.000
23 Distance restraints 3 (SDCH-MNCH)  :    3880       0      0   0.376   0.376      77.753       1.000
24 Sidechain Chi_5 dihedral restraints:       0       0      0   0.000   0.000      0.0000       1.000
25 Phi/Psi pair of dihedral restraints:     372      61     47  31.577  73.773      187.06       1.000
26 Distance restraints 4 (SDCH-SDCH)  :    2185       0      1   0.647   0.647      143.56       1.000
27 Distance restraints 5 (X-Y)        :       0       0      0   0.000   0.000      0.0000       1.000
28 NMR distance restraints 6 (X-Y)    :       0       0      0   0.000   0.000      0.0000       1.000
29 NMR distance restraints 7 (X-Y)    :       0       0      0   0.000   0.000      0.0000       1.000
30 Minimal distance restraints        :       0       0      0   0.000   0.000      0.0000       1.000
31 Non-bonded restraints              :       0       0      0   0.000   0.000      0.0000       1.000
32 Atomic accessibility restraints    :       0       0      0   0.000   0.000      0.0000       1.000
33 Atomic density restraints          :       0       0      0   0.000   0.000      0.0000       1.000
34 Absolute position restraints       :       0       0      0   0.000   0.000      0.0000       1.000
35 Dihedral angle difference restraint:       0       0      0   0.000   0.000      0.0000       1.000
36 GBSA implicit solvent potential    :       0       0      0   0.000   0.000      0.0000       1.000
37 EM density fitting potential       :       0       0      0   0.000   0.000      0.0000       1.000
38 SAXS restraints                    :       0       0      0   0.000   0.000      0.0000       1.000
39 Symmetry restraints                :       0       0      0   0.000   0.000      0.0000       1.000



openf___224_> Open           beta_glicosidase.fasta.V99990002
# Heavy relative violation of each residue is written to: beta_glicosidase.fasta.V99990002
# The profile is NOT normalized by the number of restraints.
# The profiles are smoothed over a window of residues:    1
# The sum of all numbers in the file:   41900.6719



List of the violated restraints:
   A restraint is violated when the relative difference
   from the best value (RVIOL) is larger than CUTOFF.

   ICSR   ... index of a restraint in the current set.
   RESNO  ... residue numbers of the first two atoms.
   ATM    ... IUPAC atom names of the first two atoms.
   FEAT   ... the value of the feature in the model.
   restr  ... the mean of the basis restraint with the smallest
              difference from the model (local minimum).
   viol   ... difference from the local minimum.
   rviol  ... relative difference from the local minimum.
   RESTR  ... the best value (global minimum).
   VIOL   ... difference from the best value.
   RVIOL  ... relative difference from the best value.


-------------------------------------------------------------------------------------------------

Feature  2                           : Bond angle potential                    
List of the RVIOL violations larger than   :       4.5000

    #   ICSR  RESNO1/2 ATM1/2   INDATM1/2    FEAT   restr    viol   rviol   RESTR    VIOL   RVIOL
    1   6448 320F 321A C   N    2465 2467  157.71  120.00   37.71    8.57  120.00   37.71    8.57

-------------------------------------------------------------------------------------------------

Feature  9                           : Distance restraints 1 (CA-CA)           
List of the RVIOL violations larger than   :       4.5000

    #   ICSR  RESNO1/2 ATM1/2   INDATM1/2    FEAT   restr    viol   rviol   RESTR    VIOL   RVIOL
    1  16998 244Q 291N CA  CA   1877 2225   17.79   13.83    3.96    7.42   13.83    3.96    7.42
    2  16999 244Q 294T CA  CA   1877 2248   17.03   12.64    4.39    7.49   12.64    4.39    7.49
    3  17000 244Q 295Y CA  CA   1877 2255   15.72   12.52    3.20    5.84   12.52    3.20    5.84
    4  17001 244Q 298N CA  CA   1877 2281   15.19   11.77    3.43    4.85   11.77    3.43    4.85

-------------------------------------------------------------------------------------------------

Feature 10                           : Distance restraints 2 (N-O)             
List of the RVIOL violations larger than   :       4.5000

    #   ICSR  RESNO1/2 ATM1/2   INDATM1/2    FEAT   restr    viol   rviol   RESTR    VIOL   RVIOL
    1  22919 244Q 294T N   O    1876 2253   14.65   10.50    4.15    6.90   10.50    4.15    6.90

-------------------------------------------------------------------------------------------------

Feature 25                           : Phi/Psi pair of dihedral restraints     
List of the RVIOL violations larger than   :       6.5000

    #   ICSR  RESNO1/2 ATM1/2   INDATM1/2    FEAT   restr    viol   rviol   RESTR    VIOL   RVIOL
    1  10368   1M   2A C   N       7    9  -64.22  -68.20   11.86    1.09  -62.50  162.64   26.74
    1          2A   2A N   CA      9   10  156.47  145.30                  -40.90
    2  10370   3I   4S C   N      20   22  -92.81  -72.40   36.97    2.82  -64.10  159.19   10.18
    2          4S   4S N   CA     22   23  121.58  152.40                  -35.00
    3  10371   4S   5S C   N      26   28  -74.89  -72.40   12.08    0.63  -64.10  161.14   12.35
    3          5S   5S N   CA     28   29  164.22  152.40                  -35.00
    4  10372   5S   6S C   N      32   34 -125.25 -136.60   25.54    1.45  -64.10  162.84   16.13
    4          6S   6S N   CA     34   35  174.08  151.20                  -35.00
    5  10373   6S   7T C   N      38   40  -69.40  -78.10    9.20    0.47  -63.20  171.20   22.36
    5          7T   7T N   CA     40   41  146.81  149.80                  -42.10
    6  10374   7T   8S C   N      45   47 -123.38 -136.60   15.91    0.49  -64.10 -173.01   11.52
    6          8S   8S N   CA     47   48  142.35  151.20                  -35.00
    7  10375   8S   9G C   N      51   53 -165.24 -167.20   23.05    0.88   82.20 -177.91   13.58
    7          9G   9G N   CA     53   54  151.63  174.60                    8.50
    8  10376   9G  10T C   N      55   57  -91.22  -78.10   13.21    0.83  -63.20  171.88   23.91
    8         10T  10T N   CA     57   58  148.32  149.80                  -42.10
    9  10377  10T  11S C   N      62   64 -109.57 -136.60   35.15    1.09  -64.10  169.93   10.53
    9         11S  11S N   CA     64   65  128.73  151.20                  -35.00
   10  10378  11S  12S C   N      68   70  -70.94  -72.40    1.51    0.12  -64.10  172.36   12.91
   10         12S  12S N   CA     70   71  152.77  152.40                  -35.00
   11  10379  12S  13S C   N      74   76  -68.27  -72.40    7.12    0.55  -64.10  166.85   12.34
   11         13S  13S N   CA     76   77  158.20  152.40                  -35.00
   12  10380  13S  14F C   N      80   82  -75.73  -71.40    4.86    0.40  -63.20  177.66   25.51
   12         14F  14F N   CA     82   83  138.48  140.70                  -44.30
   13  10381  14F  15P C   N      91   93  -64.21  -58.70    6.13    0.86  -64.50  179.62   13.42
   13         15P  15P N   CA     93   94  -33.18  -30.50                  147.20
   14  10382  15P  16S C   N      98  100  -76.18  -72.40    4.10    0.33  -64.10  174.59   13.40
   14         16S  16S N   CA    100  101  150.83  152.40                  -35.00
   15  10383  16S  17R C   N     104  106 -134.78 -125.20   28.05    1.52  -63.00  171.11   19.54
   15         17R  17R N   CA    106  107  114.23  140.60                  -41.10
   16  10384  17R  18T C   N     115  117 -135.69 -124.80   44.05    1.58  -63.20  150.35   23.95
   16         18T  18T N   CA    117  118 -173.82  143.50                  -42.10
   17  10385  18T  19T C   N     122  124 -113.11 -124.80   19.76    0.61  -63.20  176.86   19.81
   17         19T  19T N   CA    124  125  127.57  143.50                  -42.10
   18  10387  20V  21M C   N     136  138 -143.14 -125.60   33.19    1.15  -63.40  170.61   31.69
   18         21M  21M N   CA    138  139  168.67  140.50                  -40.50
   19  10388  21M  22L C   N     144  146  -91.72 -108.50   34.13    1.63  -63.50  146.72   18.94
   19         22L  22L N   CA    146  147  102.78  132.50                  -41.20
   20  10389  22L  23L C   N     152  154  -97.36 -108.50   24.39    1.18  -63.50  155.73   19.95
   20         23L  23L N   CA    154  155  110.80  132.50                  -41.20
   21  10390  23L  24L C   N     160  162 -124.41 -108.50   19.14    1.05  -63.50  174.05   21.57
   21         24L  24L N   CA    162  163  121.85  132.50                  -41.20
   22  10391  24L  25F C   N     168  170 -124.52 -124.20   29.18    1.38  -63.20  169.88   20.01
   22         25F  25F N   CA    170  171  114.13  143.30                  -44.30
   23  10392  25F  26F C   N     179  181 -127.42 -124.20   28.43    1.41  -63.20  171.81   20.15
   23         26F  26F N   CA    181  182  115.05  143.30                  -44.30
   24  10393  26F  27F C   N     190  192 -134.59 -124.20   10.39    0.40  -63.20 -173.49   30.57
   24         27F  27F N   CA    192  193  143.39  143.30                  -44.30
   25  10394  27F  28A C   N     201  203 -177.02 -134.00   44.33    1.88  -62.50 -149.00   31.67
   25         28A  28A N   CA    203  204  136.32  147.00                  -40.90
   26  10395  28A  29A C   N     206  208  163.53 -134.00   66.93    1.54  -62.50 -160.33   39.62
   26         29A  29A N   CA    208  209  171.04  147.00                  -40.90
   27  10396  29A  30S C   N     211  213 -119.47 -136.60   21.51    0.66  -64.10 -178.18   11.21
   27         30S  30S N   CA    213  214  138.19  151.20                  -35.00
   28  10398  31V  32G C   N     224  226   71.47   78.70   24.54    0.99   82.20  162.31    7.34
   28         32G  32G N   CA    226  227  170.45 -166.10                    8.50
   29  10399  32G  33I C   N     228  230  -62.90  -63.40    3.76    0.63 -120.60  179.69    8.19
   29         33I  33I N   CA    230  231  -39.87  -43.60                  130.30
   30  10400  33I  34T C   N     236  238 -138.39 -124.80   35.81    1.18  -63.20  160.04   25.38
   30         34T  34T N   CA    238  239  176.63  143.50                  -42.10
   31  10401  34T  35D C   N     243  245  -82.92  -70.90   61.05    2.45  -63.30  111.59   15.02
   31         35D  35D N   CA    245  246 -149.85  150.30                  -40.00
   32  10402  35D  36A C   N     251  253  -48.42  -68.20   37.34    2.40  -62.50  155.17   26.14
   32         36A  36A N   CA    253  254  113.63  145.30                  -40.90
   33  10414  47N  48N C   N     334  336 -116.40 -119.90   88.06    3.92  -63.20  104.64   11.25
   33         48N  48N N   CA    336  337   49.01  137.00                  -41.10
   34  10484 117W 118S C   N     890  892  114.73 -136.60  174.99    6.02  -64.10 -177.46   21.83
   34        118S 118S N   CA    892  893  -71.64  151.20                  -35.00
   35  10571 204S 205I C   N    1555 1557 -107.13  -63.40   85.49   13.00  -63.40   85.49   13.00
   35        205I 205I N   CA   1557 1558   29.86  -43.60                  -43.60
   36  10601 234T 235S C   N    1808 1810  -49.83  -72.40   24.05    1.44  -64.10  179.65   13.92
   36        235S 235S N   CA   1810 1811  144.08  152.40                  -35.00
   37  10603 236P 237S C   N    1821 1823 -108.97 -136.60   29.65    1.45  -64.10  169.09   15.34
   37        237S 237S N   CA   1823 1824  161.97  151.20                  -35.00
   38  10606 239V 240V C   N    1841 1843  -61.99  -62.40    5.46    0.67 -125.40 -179.64   10.14
   38        240V 240V N   CA   1843 1844  -47.85  -42.40                  143.30
   39  10607 240V 241W C   N    1848 1850 -155.40 -124.90   33.95    1.14  -63.00 -177.41   29.04
   39        241W 241W N   CA   1850 1851  158.31  143.40                  -44.20
   40  10608 241W 242D C   N    1862 1864 -154.71  -96.50   75.13    3.13  -63.30 -177.20   28.42
   40        242D 242D N   CA   1864 1865  161.69  114.20                  -40.00
   41  10611 244Q 245R C   N    1883 1885  -70.37  -72.10   58.13    4.43   57.30  135.64   13.20
   41        245R 245R N   CA   1885 1886   83.80  141.90                   38.00
   42  10670 303V 304K C   N    2328 2330  -68.63 -118.00   67.81    2.37  -62.90  133.54   17.04
   42        304K 304K N   CA   2330 2331   92.62  139.10                  -40.80
   43  10671 304K 305G C   N    2337 2339  125.30   78.70   77.22    1.37  -62.40 -115.46   34.45
   43        305G 305G N   CA   2339 2340  132.32 -166.10                  -41.20
   44  10672 305G 306G C   N    2341 2343  -81.35  -80.20   34.23    1.29   78.70  160.70    7.75
   44        306G 306G N   CA   2343 2344 -151.69  174.10                 -166.10
   45  10677 310R 311P C   N    2379 2381  -59.02  -58.70   17.03    1.43  -64.50  165.37   12.63
   45        311P 311P N   CA   2381 2382  -47.53  -30.50                  147.20
   46  10678 311P 312N C   N    2386 2388 -126.92 -119.90   79.78    3.78   55.90  178.10   20.77
   46        312N 312N N   CA   2388 2389   57.53  137.00                   39.50
   47  10692 325E 326N C   N    2506 2508  -80.86 -119.90   78.11    2.57  -63.20  111.84   13.08
   47        326N 326N N   CA   2508 2509   69.34  137.00                  -41.10
   48  10719 352S 353A C   N    2746 2748 -140.16 -134.00   36.19    1.90  -62.50  157.00   29.87
   48        353A 353A N   CA   2748 2749 -177.34  147.00                  -40.90
   49  10720 353A 354E C   N    2751 2753  -69.31  -69.30   32.77    2.50  -63.60  150.14   19.71
   49        354E 354E N   CA   2753 2754  109.73  142.50                  -40.30
   50  10721 354E 355K C   N    2760 2762 -178.37 -118.00   64.46    2.85  -62.90 -164.86   22.76
   50        355K 355K N   CA   2762 2763  116.51  139.10                  -40.80
   51  10722 355K 356N C   N    2769 2771   59.12   55.90    8.88    0.43  -63.20  142.10   23.36
   51        356N 356N N   CA   2771 2772   31.23   39.50                  -41.10
   52  10723 356N 357W C   N    2777 2779   99.92 -124.90  138.17    5.36  -63.00 -142.69   26.63
   52        357W 357W N   CA   2779 2780  172.01  143.40                  -44.20
   53  10724 357W 358D C   N    2791 2793 -100.20  -70.90   29.38    2.29  -63.30  175.66   24.04
   53        358D 358D N   CA   2793 2794  148.26  150.30                  -40.00
   54  10730 363H 364N C   N    2839 2841 -143.42 -119.90   30.48    0.88  -63.20 -178.76   27.18
   54        364N 364N N   CA   2841 2842  156.38  137.00                  -41.10
   55  10731 364N 365A C   N    2847 2849  -70.28  -68.20   11.88    0.88  -62.50  162.29   26.98
   55        365A 365A N   CA   2849 2850  157.00  145.30                  -40.90
   56  10732 365A 366T C   N    2852 2854  -76.15  -78.10   20.52    0.94  -63.20  148.24   19.87
   56        366T 366T N   CA   2854 2855  170.22  149.80                  -42.10
   57  10734 367I 368L C   N    2867 2869 -131.28 -108.50   47.16    2.26  -63.50  160.06   26.42
   57        368L 368L N   CA   2869 2870  173.80  132.50                  -41.20
   58  10735 368L 369F C   N    2875 2877  -76.04  -71.40   40.12    3.35  -63.20  145.72   19.38
   58        369F 369F N   CA   2877 2878  100.85  140.70                  -44.30
   59  10736 369F 370L C   N    2886 2888 -149.12 -108.50   87.92    4.24  -63.50  138.07   24.32
   59        370L 370L N   CA   2888 2889 -149.52  132.50                  -41.20
   60  10737 370L 371K C   N    2894 2896 -136.00 -118.00   20.53    0.68  -62.90 -174.74   28.43
   60        371K 371K N   CA   2896 2897  148.97  139.10                  -40.80
   61  10738 371K 372S C   N    2903 2905 -112.59 -136.60   25.68    0.82  -64.10 -176.38   11.38
   61        372S 372S N   CA   2905 2906  142.10  151.20                  -35.00


report______> Distribution of short non-bonded contacts:


DISTANCE1:  0.00 2.10 2.20 2.30 2.40 2.50 2.60 2.70 2.80 2.90 3.00 3.10 3.20 3.30 3.40
DISTANCE2:  2.10 2.20 2.30 2.40 2.50 2.60 2.70 2.80 2.90 3.00 3.10 3.20 3.30 3.40 3.50
FREQUENCY:     0    0    0    0    0   11   30  120  214  269  261  337  415  473  462


<< end of ENERGY.
openf___224_> Open           beta_glicosidase.fasta.B99990002.pdb
wrpdb___568_> Residues, atoms, selected atoms:      374     2927     2927

>> Summary of successfully produced models:
Filename                          molpdf
----------------------------------------
beta_glicosidase.fasta.B99990001.pdb     2314.35278
beta_glicosidase.fasta.B99990002.pdb     2613.24316


Dynamically allocated memory at          finish [B,KiB,MiB]:      6754352    6596.047     6.441
Starting time                                            : 2019/04/10 00:59:14
Closing time                                             : 2019/04/10 00:59:51
Total CPU time [seconds]                                 :      36.80
